<?xml version="1.0" encoding="UTF-8"?>
<coverage generated="1578848017367" clover="3.2.0">
  <project timestamp="1578848017367" name="All files">
    <metrics statements="9" coveredstatements="9" conditionals="0" coveredconditionals="0" methods="5" coveredmethods="5" elements="14" coveredelements="14" complexity="0" loc="9" ncloc="9" packages="1" files="1" classes="1"/>
    <file name="useInterval.ts" path="/Users/jeffallen/Documents/code/typeracer/packages/web/lib/useInterval.ts">
      <metrics statements="9" coveredstatements="9" conditionals="0" coveredconditionals="0" methods="5" coveredmethods="5"/>
      <line num="1" count="4" type="stmt"/>
      <line num="3" count="4" type="stmt"/>
      <line num="4" count="12" type="stmt"/>
      <line num="6" count="12" type="stmt"/>
      <line num="7" count="12" type="stmt"/>
      <line num="10" count="12" type="stmt"/>
      <line num="12" count="8" type="stmt"/>
      <line num="15" count="5" type="stmt"/>
      <line num="17" count="5" type="stmt"/>
    </file>
  </project>
</coverage>
