{"/Users/jeffallen/Documents/code/typeracer/packages/web/components/Race/RaceCountdown.tsx": {"path":"/Users/jeffallen/Documents/code/typeracer/packages/web/components/Race/RaceCountdown.tsx","statementMap":{"0":{"start":{"line":1,"column":0},"end":{"line":1,"column":59}},"1":{"start":{"line":2,"column":0},"end":{"line":2,"column":null}},"2":{"start":{"line":10,"column":0},"end":{"line":10,"column":50}},"3":{"start":{"line":11,"column":0},"end":{"line":11,"column":52}},"4":{"start":{"line":19,"column":13},"end":{"line":48,"column":2}},"5":{"start":{"line":20,"column":2},"end":{"line":20,"column":18}},"6":{"start":{"line":21,"column":2},"end":{"line":21,"column":18}},"7":{"start":{"line":22,"column":2},"end":{"line":22,"column":21}},"8":{"start":{"line":24,"column":8},"end":{"line":24,"column":9}},"9":{"start":{"line":24,"column":9},"end":{"line":24,"column":25}},"10":{"start":{"line":24,"column":27},"end":{"line":24,"column":76}},"11":{"start":{"line":26,"column":2},"end":{"line":33,"column":11}},"12":{"start":{"line":27,"column":4},"end":{"line":32,"column":null}},"13":{"start":{"line":28,"column":6},"end":{"line":28,"column":49}},"14":{"start":{"line":29,"column":6},"end":{"line":29,"column":22}},"15":{"start":{"line":31,"column":6},"end":{"line":31,"column":48}},"16":{"start":{"line":35,"column":2},"end":{"line":47,"column":4}}},"fnMap":{"0":{"name":"(anonymous_1)","decl":{"start":{"line":19,"column":55},"end":{"line":19,"column":56}},"loc":{"start":{"line":23,"column":1},"end":{"line":48,"column":1}}},"1":{"name":"(anonymous_2)","decl":{"start":{"line":26,"column":14},"end":{"line":26,"column":null}},"loc":{"start":{"line":26,"column":14},"end":{"line":33,"column":3}}},"2":{"name":"(anonymous_3)","decl":{"start":{"line":39,"column":15},"end":{"line":39,"column":22}},"loc":{"start":{"line":39,"column":15},"end":{"line":39,"column":23}}}},"branchMap":{"0":{"loc":{"start":{"line":27,"column":4},"end":{"line":32,"column":null}},"type":"if","locations":[{"start":{"line":27,"column":4},"end":{"line":32,"column":null}},{"start":{"line":27,"column":4},"end":{"line":32,"column":null}}]}},"s":{"0":3,"1":3,"2":3,"3":3,"4":3,"5":9,"6":9,"7":9,"8":9,"9":9,"10":9,"11":9,"12":6,"13":1,"14":1,"15":5,"16":9},"f":{"0":9,"1":6,"2":0},"b":{"0":[1,5]}}
,"/Users/jeffallen/Documents/code/typeracer/packages/web/components/Race/RaceInput.tsx": {"path":"/Users/jeffallen/Documents/code/typeracer/packages/web/components/Race/RaceInput.tsx","statementMap":{"0":{"start":{"line":1,"column":0},"end":{"line":1,"column":null}},"1":{"start":{"line":9,"column":0},"end":{"line":9,"column":52}},"2":{"start":{"line":20,"column":25},"end":{"line":20,"column":26}},"3":{"start":{"line":21,"column":25},"end":{"line":21,"column":26}},"4":{"start":{"line":22,"column":24},"end":{"line":22,"column":26}},"5":{"start":{"line":24,"column":13},"end":{"line":182,"column":2}},"6":{"start":{"line":25,"column":2},"end":{"line":25,"column":6}},"7":{"start":{"line":26,"column":2},"end":{"line":26,"column":18}},"8":{"start":{"line":27,"column":2},"end":{"line":27,"column":20}},"9":{"start":{"line":28,"column":2},"end":{"line":28,"column":18}},"10":{"start":{"line":29,"column":2},"end":{"line":29,"column":13}},"11":{"start":{"line":30,"column":2},"end":{"line":30,"column":10}},"12":{"start":{"line":32,"column":8},"end":{"line":32,"column":9}},"13":{"start":{"line":32,"column":9},"end":{"line":32,"column":14}},"14":{"start":{"line":32,"column":16},"end":{"line":32,"column":40}},"15":{"start":{"line":33,"column":8},"end":{"line":33,"column":9}},"16":{"start":{"line":33,"column":9},"end":{"line":33,"column":14}},"17":{"start":{"line":33,"column":16},"end":{"line":33,"column":40}},"18":{"start":{"line":34,"column":19},"end":{"line":34,"column":48}},"19":{"start":{"line":35,"column":16},"end":{"line":35,"column":31}},"20":{"start":{"line":36,"column":22},"end":{"line":36,"column":45}},"21":{"start":{"line":37,"column":24},"end":{"line":37,"column":47}},"22":{"start":{"line":38,"column":22},"end":{"line":38,"column":43}},"23":{"start":{"line":39,"column":19},"end":{"line":39,"column":31}},"24":{"start":{"line":40,"column":22},"end":{"line":40,"column":60}},"25":{"start":{"line":42,"column":32},"end":{"line":44,"column":3}},"26":{"start":{"line":43,"column":4},"end":{"line":43,"column":31}},"27":{"start":{"line":45,"column":32},"end":{"line":47,"column":3}},"28":{"start":{"line":46,"column":4},"end":{"line":46,"column":31}},"29":{"start":{"line":48,"column":31},"end":{"line":52,"column":3}},"30":{"start":{"line":49,"column":4},"end":{"line":49,"column":20}},"31":{"start":{"line":51,"column":4},"end":{"line":51,"column":30}},"32":{"start":{"line":54,"column":25},"end":{"line":63,"column":3}},"33":{"start":{"line":55,"column":4},"end":{"line":62,"column":null}},"34":{"start":{"line":56,"column":6},"end":{"line":56,"column":25}},"35":{"start":{"line":58,"column":6},"end":{"line":58,"column":31}},"36":{"start":{"line":59,"column":6},"end":{"line":59,"column":31}},"37":{"start":{"line":61,"column":6},"end":{"line":61,"column":25}},"38":{"start":{"line":65,"column":24},"end":{"line":69,"column":3}},"39":{"start":{"line":66,"column":4},"end":{"line":68,"column":null}},"40":{"start":{"line":67,"column":6},"end":{"line":67,"column":24}},"41":{"start":{"line":71,"column":36},"end":{"line":87,"column":3}},"42":{"start":{"line":72,"column":19},"end":{"line":74,"column":null}},"43":{"start":{"line":77,"column":4},"end":{"line":86,"column":null}},"44":{"start":{"line":82,"column":6},"end":{"line":82,"column":52}},"45":{"start":{"line":83,"column":6},"end":{"line":83,"column":52}},"46":{"start":{"line":85,"column":6},"end":{"line":85,"column":45}},"47":{"start":{"line":89,"column":31},"end":{"line":106,"column":3}},"48":{"start":{"line":90,"column":37},"end":{"line":90,"column":74}},"49":{"start":{"line":92,"column":4},"end":{"line":92,"column":36}},"50":{"start":{"line":94,"column":4},"end":{"line":105,"column":null}},"51":{"start":{"line":99,"column":25},"end":{"line":99,"column":67}},"52":{"start":{"line":101,"column":6},"end":{"line":101,"column":61}},"53":{"start":{"line":102,"column":6},"end":{"line":102,"column":61}},"54":{"start":{"line":104,"column":6},"end":{"line":104,"column":45}},"55":{"start":{"line":108,"column":27},"end":{"line":121,"column":3}},"56":{"start":{"line":110,"column":6},"end":{"line":110,"column":68}},"57":{"start":{"line":112,"column":4},"end":{"line":120,"column":null}},"58":{"start":{"line":117,"column":6},"end":{"line":117,"column":36}},"59":{"start":{"line":119,"column":6},"end":{"line":119,"column":19}},"60":{"start":{"line":123,"column":26},"end":{"line":129,"column":3}},"61":{"start":{"line":124,"column":4},"end":{"line":124,"column":18}},"62":{"start":{"line":126,"column":4},"end":{"line":126,"column":29}},"63":{"start":{"line":127,"column":4},"end":{"line":127,"column":29}},"64":{"start":{"line":128,"column":4},"end":{"line":128,"column":29}},"65":{"start":{"line":131,"column":31},"end":{"line":139,"column":3}},"66":{"start":{"line":132,"column":26},"end":{"line":132,"column":52}},"67":{"start":{"line":134,"column":4},"end":{"line":138,"column":null}},"68":{"start":{"line":135,"column":6},"end":{"line":137,"column":null}},"69":{"start":{"line":136,"column":8},"end":{"line":136,"column":26}},"70":{"start":{"line":141,"column":23},"end":{"line":148,"column":3}},"71":{"start":{"line":142,"column":4},"end":{"line":142,"column":37}},"72":{"start":{"line":143,"column":4},"end":{"line":143,"column":37}},"73":{"start":{"line":145,"column":4},"end":{"line":145,"column":32}},"74":{"start":{"line":146,"column":4},"end":{"line":146,"column":23}},"75":{"start":{"line":147,"column":4},"end":{"line":147,"column":27}},"76":{"start":{"line":150,"column":2},"end":{"line":152,"column":5}},"77":{"start":{"line":151,"column":4},"end":{"line":151,"column":29}},"78":{"start":{"line":154,"column":2},"end":{"line":181,"column":4}},"79":{"start":{"line":166,"column":63},"end":{"line":166,"column":null}},"80":{"start":{"line":168,"column":14},"end":{"line":168,"column":null}}},"fnMap":{"0":{"name":"(anonymous_1)","decl":{"start":{"line":24,"column":51},"end":{"line":24,"column":52}},"loc":{"start":{"line":31,"column":1},"end":{"line":182,"column":1}}},"1":{"name":"(anonymous_2)","decl":{"start":{"line":42,"column":32},"end":{"line":42,"column":33}},"loc":{"start":{"line":42,"column":46},"end":{"line":44,"column":3}}},"2":{"name":"(anonymous_3)","decl":{"start":{"line":45,"column":32},"end":{"line":45,"column":33}},"loc":{"start":{"line":45,"column":46},"end":{"line":47,"column":3}}},"3":{"name":"(anonymous_4)","decl":{"start":{"line":48,"column":31},"end":{"line":48,"column":32}},"loc":{"start":{"line":48,"column":45},"end":{"line":52,"column":3}}},"4":{"name":"(anonymous_5)","decl":{"start":{"line":54,"column":25},"end":{"line":54,"column":26}},"loc":{"start":{"line":54,"column":60},"end":{"line":63,"column":3}}},"5":{"name":"(anonymous_6)","decl":{"start":{"line":65,"column":24},"end":{"line":65,"column":25}},"loc":{"start":{"line":65,"column":59},"end":{"line":69,"column":3}}},"6":{"name":"(anonymous_7)","decl":{"start":{"line":71,"column":36},"end":{"line":71,"column":null}},"loc":{"start":{"line":71,"column":36},"end":{"line":87,"column":3}}},"7":{"name":"(anonymous_8)","decl":{"start":{"line":89,"column":31},"end":{"line":89,"column":32}},"loc":{"start":{"line":89,"column":48},"end":{"line":106,"column":3}}},"8":{"name":"(anonymous_9)","decl":{"start":{"line":108,"column":27},"end":{"line":108,"column":null}},"loc":{"start":{"line":108,"column":27},"end":{"line":121,"column":3}}},"9":{"name":"(anonymous_10)","decl":{"start":{"line":123,"column":26},"end":{"line":123,"column":null}},"loc":{"start":{"line":123,"column":26},"end":{"line":129,"column":3}}},"10":{"name":"(anonymous_11)","decl":{"start":{"line":131,"column":31},"end":{"line":131,"column":null}},"loc":{"start":{"line":131,"column":31},"end":{"line":139,"column":3}}},"11":{"name":"(anonymous_12)","decl":{"start":{"line":141,"column":23},"end":{"line":141,"column":24}},"loc":{"start":{"line":141,"column":42},"end":{"line":148,"column":3}}},"12":{"name":"(anonymous_13)","decl":{"start":{"line":150,"column":12},"end":{"line":150,"column":null}},"loc":{"start":{"line":150,"column":12},"end":{"line":152,"column":3}}},"13":{"name":"(anonymous_14)","decl":{"start":{"line":166,"column":23},"end":{"line":166,"column":24}},"loc":{"start":{"line":166,"column":58},"end":{"line":166,"column":76}}},"14":{"name":"(anonymous_15)","decl":{"start":{"line":167,"column":22},"end":{"line":167,"column":23}},"loc":{"start":{"line":167,"column":55},"end":{"line":168,"column":26}}}},"branchMap":{"0":{"loc":{"start":{"line":40,"column":33},"end":{"line":40,"column":44}},"type":"cond-expr","locations":[{"start":{"line":40,"column":33},"end":{"line":40,"column":44}},{"start":{"line":40,"column":47},"end":{"line":40,"column":60}}]},"1":{"loc":{"start":{"line":55,"column":4},"end":{"line":62,"column":null}},"type":"if","locations":[{"start":{"line":55,"column":4},"end":{"line":62,"column":null}},{"start":{"line":55,"column":4},"end":{"line":62,"column":null}}]},"2":{"loc":{"start":{"line":66,"column":4},"end":{"line":68,"column":null}},"type":"if","locations":[{"start":{"line":66,"column":4},"end":{"line":68,"column":null}},{"start":{"line":66,"column":4},"end":{"line":68,"column":null}}]},"3":{"loc":{"start":{"line":77,"column":4},"end":{"line":86,"column":null}},"type":"if","locations":[{"start":{"line":77,"column":4},"end":{"line":86,"column":null}},{"start":{"line":77,"column":4},"end":{"line":86,"column":null}}]},"4":{"loc":{"start":{"line":78,"column":6},"end":{"line":78,"column":48}},"type":"binary-expr","locations":[{"start":{"line":78,"column":6},"end":{"line":78,"column":48}},{"start":{"line":79,"column":6},"end":{"line":79,"column":19}},{"start":{"line":80,"column":6},"end":{"line":80,"column":44}}]},"5":{"loc":{"start":{"line":94,"column":4},"end":{"line":105,"column":null}},"type":"if","locations":[{"start":{"line":94,"column":4},"end":{"line":105,"column":null}},{"start":{"line":94,"column":4},"end":{"line":105,"column":null}}]},"6":{"loc":{"start":{"line":95,"column":7},"end":{"line":95,"column":49}},"type":"binary-expr","locations":[{"start":{"line":95,"column":7},"end":{"line":95,"column":49}},{"start":{"line":96,"column":8},"end":{"line":96,"column":45}},{"start":{"line":97,"column":7},"end":{"line":97,"column":22}},{"start":{"line":97,"column":26},"end":{"line":97,"column":57}}]},"7":{"loc":{"start":{"line":112,"column":4},"end":{"line":120,"column":null}},"type":"if","locations":[{"start":{"line":112,"column":4},"end":{"line":120,"column":null}},{"start":{"line":112,"column":4},"end":{"line":120,"column":null}}]},"8":{"loc":{"start":{"line":113,"column":6},"end":{"line":113,"column":22}},"type":"binary-expr","locations":[{"start":{"line":113,"column":6},"end":{"line":113,"column":22}},{"start":{"line":114,"column":6},"end":{"line":114,"column":53}},{"start":{"line":115,"column":6},"end":{"line":115,"column":30}}]},"9":{"loc":{"start":{"line":134,"column":4},"end":{"line":138,"column":null}},"type":"if","locations":[{"start":{"line":134,"column":4},"end":{"line":138,"column":null}},{"start":{"line":134,"column":4},"end":{"line":138,"column":null}}]},"10":{"loc":{"start":{"line":135,"column":6},"end":{"line":137,"column":null}},"type":"if","locations":[{"start":{"line":135,"column":6},"end":{"line":137,"column":null}},{"start":{"line":135,"column":6},"end":{"line":137,"column":null}}]},"11":{"loc":{"start":{"line":174,"column":9},"end":{"line":174,"column":17}},"type":"binary-expr","locations":[{"start":{"line":174,"column":9},"end":{"line":174,"column":17}},{"start":{"line":175,"column":10},"end":{"line":175,"column":null}}]}},"s":{"0":2,"1":2,"2":2,"3":2,"4":2,"5":2,"6":2,"7":2,"8":2,"9":2,"10":2,"11":2,"12":2,"13":2,"14":2,"15":2,"16":2,"17":2,"18":2,"19":2,"20":2,"21":2,"22":2,"23":2,"24":2,"25":2,"26":0,"27":2,"28":0,"29":2,"30":0,"31":0,"32":2,"33":0,"34":0,"35":0,"36":0,"37":0,"38":2,"39":0,"40":0,"41":2,"42":0,"43":0,"44":0,"45":0,"46":0,"47":2,"48":0,"49":0,"50":0,"51":0,"52":0,"53":0,"54":0,"55":2,"56":0,"57":0,"58":0,"59":0,"60":2,"61":0,"62":0,"63":0,"64":0,"65":2,"66":0,"67":0,"68":0,"69":0,"70":2,"71":0,"72":0,"73":0,"74":0,"75":0,"76":2,"77":2,"78":2,"79":0,"80":0},"f":{"0":2,"1":0,"2":0,"3":0,"4":0,"5":0,"6":0,"7":0,"8":0,"9":0,"10":0,"11":0,"12":2,"13":0,"14":0},"b":{"0":[0,2],"1":[0,0],"2":[0,0],"3":[0,0],"4":[0,0,0],"5":[0,0],"6":[0,0,0,0],"7":[0,0],"8":[0,0,0],"9":[0,0],"10":[0,0],"11":[2,0]}}
,"/Users/jeffallen/Documents/code/typeracer/packages/web/components/Race/RaceParagraph.tsx": {"path":"/Users/jeffallen/Documents/code/typeracer/packages/web/components/Race/RaceParagraph.tsx","statementMap":{"0":{"start":{"line":1,"column":0},"end":{"line":1,"column":49}},"1":{"start":{"line":2,"column":0},"end":{"line":2,"column":45}},"2":{"start":{"line":9,"column":13},"end":{"line":42,"column":2}},"3":{"start":{"line":10,"column":2},"end":{"line":10,"column":6}},"4":{"start":{"line":11,"column":2},"end":{"line":11,"column":14}},"5":{"start":{"line":13,"column":16},"end":{"line":13,"column":31}},"6":{"start":{"line":15,"column":2},"end":{"line":41,"column":4}},"7":{"start":{"line":25,"column":8},"end":{"line":38,"column":null}}},"fnMap":{"0":{"name":"(anonymous_1)","decl":{"start":{"line":9,"column":55},"end":{"line":9,"column":56}},"loc":{"start":{"line":12,"column":1},"end":{"line":42,"column":1}}},"1":{"name":"(anonymous_2)","decl":{"start":{"line":24,"column":17},"end":{"line":24,"column":18}},"loc":{"start":{"line":24,"column":25},"end":{"line":25,"column":9}}}},"branchMap":{"0":{"loc":{"start":{"line":26,"column":10},"end":{"line":32,"column":null}},"type":"cond-expr","locations":[{"start":{"line":26,"column":10},"end":{"line":32,"column":null}},{"start":{"line":35,"column":10},"end":{"line":36,"column":null}}]}},"s":{"0":2,"1":2,"2":2,"3":2,"4":2,"5":2,"6":2,"7":4},"f":{"0":2,"1":4},"b":{"0":[2,2]}}
,"/Users/jeffallen/Documents/code/typeracer/packages/web/components/Race/RaceProgress.tsx": {"path":"/Users/jeffallen/Documents/code/typeracer/packages/web/components/Race/RaceProgress.tsx","statementMap":{"0":{"start":{"line":1,"column":0},"end":{"line":1,"column":49}},"1":{"start":{"line":2,"column":0},"end":{"line":2,"column":48}},"2":{"start":{"line":8,"column":13},"end":{"line":17,"column":2}},"3":{"start":{"line":8,"column":57},"end":{"line":8,"column":64}},"4":{"start":{"line":8,"column":71},"end":{"line":17,"column":2}},"5":{"start":{"line":10,"column":27},"end":{"line":15,"column":6}}},"fnMap":{"0":{"name":"(anonymous_1)","decl":{"start":{"line":8,"column":54},"end":{"line":8,"column":55}},"loc":{"start":{"line":8,"column":66},"end":{"line":8,"column":null}}},"1":{"name":"(anonymous_2)","decl":{"start":{"line":10,"column":17},"end":{"line":10,"column":23}},"loc":{"start":{"line":10,"column":23},"end":{"line":10,"column":null}}}},"branchMap":{},"s":{"0":3,"1":3,"2":3,"3":3,"4":3,"5":5},"f":{"0":3,"1":5},"b":{}}
,"/Users/jeffallen/Documents/code/typeracer/packages/web/components/Race/index.tsx": {"path":"/Users/jeffallen/Documents/code/typeracer/packages/web/components/Race/index.tsx","statementMap":{"0":{"start":{"line":1,"column":0},"end":{"line":1,"column":59}},"1":{"start":{"line":2,"column":0},"end":{"line":2,"column":38}},"2":{"start":{"line":4,"column":0},"end":{"line":4,"column":50}},"3":{"start":{"line":5,"column":0},"end":{"line":5,"column":48}},"4":{"start":{"line":6,"column":0},"end":{"line":6,"column":48}},"5":{"start":{"line":7,"column":0},"end":{"line":7,"column":46}},"6":{"start":{"line":8,"column":0},"end":{"line":8,"column":40}},"7":{"start":{"line":15,"column":26},"end":{"line":15,"column":27}},"8":{"start":{"line":17,"column":13},"end":{"line":50,"column":2}},"9":{"start":{"line":17,"column":49},"end":{"line":17,"column":53}},"10":{"start":{"line":17,"column":55},"end":{"line":17,"column":62}},"11":{"start":{"line":18,"column":8},"end":{"line":18,"column":9}},"12":{"start":{"line":18,"column":9},"end":{"line":18,"column":25}},"13":{"start":{"line":18,"column":27},"end":{"line":18,"column":77}},"14":{"start":{"line":19,"column":8},"end":{"line":19,"column":9}},"15":{"start":{"line":19,"column":9},"end":{"line":19,"column":26}},"16":{"start":{"line":19,"column":28},"end":{"line":19,"column":63}},"17":{"start":{"line":20,"column":8},"end":{"line":20,"column":9}},"18":{"start":{"line":20,"column":9},"end":{"line":20,"column":25}},"19":{"start":{"line":20,"column":27},"end":{"line":20,"column":61}},"20":{"start":{"line":22,"column":2},"end":{"line":49,"column":4}},"21":{"start":{"line":37,"column":30},"end":{"line":37,"column":61}},"22":{"start":{"line":39,"column":10},"end":{"line":39,"column":56}},"23":{"start":{"line":41,"column":32},"end":{"line":41,"column":null}},"24":{"start":{"line":43,"column":10},"end":{"line":43,"column":51}},"25":{"start":{"line":44,"column":10},"end":{"line":44,"column":33}}},"fnMap":{"0":{"name":"(anonymous_2)","decl":{"start":{"line":17,"column":46},"end":{"line":17,"column":47}},"loc":{"start":{"line":17,"column":64},"end":{"line":50,"column":1}}},"1":{"name":"(anonymous_3)","decl":{"start":{"line":36,"column":28},"end":{"line":36,"column":29}},"loc":{"start":{"line":36,"column":38},"end":{"line":40,"column":9}}},"2":{"name":"(anonymous_4)","decl":{"start":{"line":41,"column":26},"end":{"line":41,"column":32}},"loc":{"start":{"line":41,"column":26},"end":{"line":41,"column":51}}},"3":{"name":"(anonymous_5)","decl":{"start":{"line":42,"column":21},"end":{"line":42,"column":null}},"loc":{"start":{"line":42,"column":21},"end":{"line":45,"column":9}}}},"branchMap":{},"s":{"0":2,"1":2,"2":2,"3":2,"4":2,"5":2,"6":2,"7":2,"8":2,"9":2,"10":2,"11":2,"12":2,"13":2,"14":2,"15":2,"16":2,"17":2,"18":2,"19":2,"20":2,"21":0,"22":0,"23":0,"24":0,"25":0},"f":{"0":2,"1":0,"2":0,"3":0},"b":{}}
,"/Users/jeffallen/Documents/code/typeracer/packages/web/lib/useInterval.ts": {"path":"/Users/jeffallen/Documents/code/typeracer/packages/web/lib/useInterval.ts","statementMap":{"0":{"start":{"line":1,"column":0},"end":{"line":1,"column":42}},"1":{"start":{"line":4,"column":24},"end":{"line":4,"column":44}},"2":{"start":{"line":6,"column":2},"end":{"line":8,"column":17}},"3":{"start":{"line":7,"column":4},"end":{"line":7,"column":37}},"4":{"start":{"line":10,"column":2},"end":{"line":18,"column":14}},"5":{"start":{"line":12,"column":6},"end":{"line":12,"column":30}},"6":{"start":{"line":15,"column":13},"end":{"line":15,"column":37}},"7":{"start":{"line":17,"column":4},"end":{"line":17,"column":35}},"8":{"start":{"line":17,"column":17},"end":{"line":17,"column":35}},"9":{"start":{"line":3,"column":0},"end":{"line":3,"column":16}}},"fnMap":{"0":{"name":"useInterval","decl":{"start":{"line":3,"column":16},"end":{"line":3,"column":27}},"loc":{"start":{"line":3,"column":63},"end":{"line":19,"column":1}}},"1":{"name":"(anonymous_1)","decl":{"start":{"line":6,"column":12},"end":{"line":6,"column":null}},"loc":{"start":{"line":6,"column":12},"end":{"line":8,"column":3}}},"2":{"name":"(anonymous_2)","decl":{"start":{"line":10,"column":12},"end":{"line":10,"column":null}},"loc":{"start":{"line":10,"column":12},"end":{"line":18,"column":3}}},"3":{"name":"tick","decl":{"start":{"line":11,"column":13},"end":{"line":11,"column":17}},"loc":{"start":{"line":11,"column":17},"end":{"line":13,"column":5}}},"4":{"name":"(anonymous_4)","decl":{"start":{"line":17,"column":11},"end":{"line":17,"column":17}},"loc":{"start":{"line":17,"column":11},"end":{"line":17,"column":30}}}},"branchMap":{},"s":{"0":4,"1":12,"2":12,"3":12,"4":12,"5":8,"6":5,"7":5,"8":5,"9":4},"f":{"0":12,"1":12,"2":5,"3":8,"4":5},"b":{}}
,"/Users/jeffallen/Documents/code/typeracer/packages/web/types/RaceState.ts": {"path":"/Users/jeffallen/Documents/code/typeracer/packages/web/types/RaceState.ts","statementMap":{"0":{"start":{"line":1,"column":0},"end":{"line":1,"column":null}},"1":{"start":{"line":2,"column":2},"end":{"line":2,"column":null}},"2":{"start":{"line":3,"column":2},"end":{"line":3,"column":null}},"3":{"start":{"line":4,"column":2},"end":{"line":4,"column":null}}},"fnMap":{"0":{"name":"(anonymous_0)","decl":{"start":{"line":1,"column":0},"end":{"line":1,"column":12}},"loc":{"start":{"line":1,"column":21},"end":{"line":5,"column":1}}}},"branchMap":{"0":{"loc":{"start":{"line":1,"column":12},"end":{"line":1,"column":21}},"type":"binary-expr","locations":[{"start":{"line":1,"column":12},"end":{"line":1,"column":21}},{"start":{"line":1,"column":12},"end":{"line":1,"column":null}}]}},"s":{"0":3,"1":3,"2":3,"3":3},"f":{"0":3},"b":{"0":[3,3]}}
}
