{"/Users/jeffallen/Documents/code/typeracer/packages/web/lib/useInterval.ts": {"path":"/Users/jeffallen/Documents/code/typeracer/packages/web/lib/useInterval.ts","statementMap":{"0":{"start":{"line":1,"column":0},"end":{"line":1,"column":42}},"1":{"start":{"line":4,"column":24},"end":{"line":4,"column":44}},"2":{"start":{"line":6,"column":2},"end":{"line":8,"column":17}},"3":{"start":{"line":7,"column":4},"end":{"line":7,"column":37}},"4":{"start":{"line":10,"column":2},"end":{"line":18,"column":14}},"5":{"start":{"line":12,"column":6},"end":{"line":12,"column":30}},"6":{"start":{"line":15,"column":13},"end":{"line":15,"column":37}},"7":{"start":{"line":17,"column":4},"end":{"line":17,"column":35}},"8":{"start":{"line":17,"column":17},"end":{"line":17,"column":35}},"9":{"start":{"line":3,"column":0},"end":{"line":3,"column":16}}},"fnMap":{"0":{"name":"useInterval","decl":{"start":{"line":3,"column":16},"end":{"line":3,"column":27}},"loc":{"start":{"line":3,"column":63},"end":{"line":19,"column":1}}},"1":{"name":"(anonymous_1)","decl":{"start":{"line":6,"column":12},"end":{"line":6,"column":null}},"loc":{"start":{"line":6,"column":12},"end":{"line":8,"column":3}}},"2":{"name":"(anonymous_2)","decl":{"start":{"line":10,"column":12},"end":{"line":10,"column":null}},"loc":{"start":{"line":10,"column":12},"end":{"line":18,"column":3}}},"3":{"name":"tick","decl":{"start":{"line":11,"column":13},"end":{"line":11,"column":17}},"loc":{"start":{"line":11,"column":17},"end":{"line":13,"column":5}}},"4":{"name":"(anonymous_4)","decl":{"start":{"line":17,"column":11},"end":{"line":17,"column":17}},"loc":{"start":{"line":17,"column":11},"end":{"line":17,"column":30}}}},"branchMap":{},"s":{"0":4,"1":12,"2":12,"3":12,"4":12,"5":8,"6":5,"7":5,"8":5,"9":4},"f":{"0":12,"1":12,"2":5,"3":8,"4":5},"b":{}}
}
