TN:
SF:/Users/jeffallen/Documents/code/typeracer/packages/web/components/Race/RaceCountdown.tsx
FN:19,(anonymous_1)
FN:26,(anonymous_2)
FN:39,(anonymous_3)
FNF:3
FNH:2
FNDA:9,(anonymous_1)
FNDA:6,(anonymous_2)
FNDA:0,(anonymous_3)
DA:1,3
DA:2,3
DA:10,3
DA:11,3
DA:19,3
DA:20,9
DA:21,9
DA:22,9
DA:24,9
DA:26,9
DA:27,6
DA:28,1
DA:29,1
DA:31,5
DA:35,9
LF:15
LH:15
BRDA:27,0,0,1
BRDA:27,0,1,5
BRF:2
BRH:2
end_of_record
TN:
SF:/Users/jeffallen/Documents/code/typeracer/packages/web/components/Race/RaceInput.tsx
FN:24,(anonymous_1)
FN:42,(anonymous_2)
FN:45,(anonymous_3)
FN:48,(anonymous_4)
FN:54,(anonymous_5)
FN:65,(anonymous_6)
FN:71,(anonymous_7)
FN:89,(anonymous_8)
FN:108,(anonymous_9)
FN:123,(anonymous_10)
FN:131,(anonymous_11)
FN:141,(anonymous_12)
FN:150,(anonymous_13)
FN:166,(anonymous_14)
FN:167,(anonymous_15)
FNF:15
FNH:2
FNDA:2,(anonymous_1)
FNDA:0,(anonymous_2)
FNDA:0,(anonymous_3)
FNDA:0,(anonymous_4)
FNDA:0,(anonymous_5)
FNDA:0,(anonymous_6)
FNDA:0,(anonymous_7)
FNDA:0,(anonymous_8)
FNDA:0,(anonymous_9)
FNDA:0,(anonymous_10)
FNDA:0,(anonymous_11)
FNDA:0,(anonymous_12)
FNDA:2,(anonymous_13)
FNDA:0,(anonymous_14)
FNDA:0,(anonymous_15)
DA:1,2
DA:9,2
DA:20,2
DA:21,2
DA:22,2
DA:24,2
DA:25,2
DA:26,2
DA:27,2
DA:28,2
DA:29,2
DA:30,2
DA:32,2
DA:33,2
DA:34,2
DA:35,2
DA:36,2
DA:37,2
DA:38,2
DA:39,2
DA:40,2
DA:42,2
DA:43,0
DA:45,2
DA:46,0
DA:48,2
DA:49,0
DA:51,0
DA:54,2
DA:55,0
DA:56,0
DA:58,0
DA:59,0
DA:61,0
DA:65,2
DA:66,0
DA:67,0
DA:71,2
DA:72,0
DA:77,0
DA:82,0
DA:83,0
DA:85,0
DA:89,2
DA:90,0
DA:92,0
DA:94,0
DA:99,0
DA:101,0
DA:102,0
DA:104,0
DA:108,2
DA:110,0
DA:112,0
DA:117,0
DA:119,0
DA:123,2
DA:124,0
DA:126,0
DA:127,0
DA:128,0
DA:131,2
DA:132,0
DA:134,0
DA:135,0
DA:136,0
DA:141,2
DA:142,0
DA:143,0
DA:145,0
DA:146,0
DA:147,0
DA:150,2
DA:151,2
DA:154,2
DA:166,0
DA:168,0
LF:77
LH:35
BRDA:40,0,0,0
BRDA:40,0,1,2
BRDA:55,1,0,0
BRDA:55,1,1,0
BRDA:66,2,0,0
BRDA:66,2,1,0
BRDA:77,3,0,0
BRDA:77,3,1,0
BRDA:78,4,0,0
BRDA:78,4,1,0
BRDA:78,4,2,0
BRDA:94,5,0,0
BRDA:94,5,1,0
BRDA:95,6,0,0
BRDA:95,6,1,0
BRDA:95,6,2,0
BRDA:95,6,3,0
BRDA:112,7,0,0
BRDA:112,7,1,0
BRDA:113,8,0,0
BRDA:113,8,1,0
BRDA:113,8,2,0
BRDA:134,9,0,0
BRDA:134,9,1,0
BRDA:135,10,0,0
BRDA:135,10,1,0
BRDA:174,11,0,2
BRDA:174,11,1,0
BRF:28
BRH:2
end_of_record
TN:
SF:/Users/jeffallen/Documents/code/typeracer/packages/web/components/Race/RaceParagraph.tsx
FN:9,(anonymous_1)
FN:24,(anonymous_2)
FNF:2
FNH:2
FNDA:2,(anonymous_1)
FNDA:4,(anonymous_2)
DA:1,2
DA:2,2
DA:9,2
DA:10,2
DA:11,2
DA:13,2
DA:15,2
DA:25,4
LF:8
LH:8
BRDA:26,0,0,2
BRDA:26,0,1,2
BRF:2
BRH:2
end_of_record
TN:
SF:/Users/jeffallen/Documents/code/typeracer/packages/web/components/Race/RaceProgress.tsx
FN:8,(anonymous_1)
FN:10,(anonymous_2)
FNF:2
FNH:2
FNDA:3,(anonymous_1)
FNDA:5,(anonymous_2)
DA:1,3
DA:2,3
DA:8,3
DA:10,5
LF:4
LH:4
BRF:0
BRH:0
end_of_record
TN:
SF:/Users/jeffallen/Documents/code/typeracer/packages/web/components/Race/index.tsx
FN:17,(anonymous_2)
FN:36,(anonymous_3)
FN:41,(anonymous_4)
FN:42,(anonymous_5)
FNF:4
FNH:1
FNDA:2,(anonymous_2)
FNDA:0,(anonymous_3)
FNDA:0,(anonymous_4)
FNDA:0,(anonymous_5)
DA:1,2
DA:2,2
DA:4,2
DA:5,2
DA:6,2
DA:7,2
DA:8,2
DA:15,2
DA:17,2
DA:18,2
DA:19,2
DA:20,2
DA:22,2
DA:37,0
DA:39,0
DA:41,0
DA:43,0
DA:44,0
LF:18
LH:13
BRF:0
BRH:0
end_of_record
TN:
SF:/Users/jeffallen/Documents/code/typeracer/packages/web/lib/useInterval.ts
FN:3,useInterval
FN:6,(anonymous_1)
FN:10,(anonymous_2)
FN:11,tick
FN:17,(anonymous_4)
FNF:5
FNH:5
FNDA:12,useInterval
FNDA:12,(anonymous_1)
FNDA:5,(anonymous_2)
FNDA:8,tick
FNDA:5,(anonymous_4)
DA:1,4
DA:3,4
DA:4,12
DA:6,12
DA:7,12
DA:10,12
DA:12,8
DA:15,5
DA:17,5
LF:9
LH:9
BRF:0
BRH:0
end_of_record
TN:
SF:/Users/jeffallen/Documents/code/typeracer/packages/web/types/RaceState.ts
FN:1,(anonymous_0)
FNF:1
FNH:1
FNDA:3,(anonymous_0)
DA:1,3
DA:2,3
DA:3,3
DA:4,3
LF:4
LH:4
BRDA:1,0,0,3
BRDA:1,0,1,3
BRF:2
BRH:2
end_of_record
